SF:lib/connection/adding_info_in_api.dart
DA:10,1
DA:12,1
DA:13,2
DA:14,0
DA:17,2
DA:18,1
DA:19,2
DA:20,0
DA:22,2
DA:23,1
DA:24,2
DA:25,2
DA:26,2
DA:27,2
DA:28,2
DA:29,2
DA:30,2
DA:33,0
DA:38,0
DA:40,0
DA:41,0
DA:46,1
DA:48,1
DA:51,1
DA:59,0
DA:61,0
DA:65,0
DA:66,0
DA:70,0
DA:71,0
DA:73,0
DA:74,0
DA:79,0
DA:80,0
DA:84,0
DA:85,0
DA:87,0
DA:88,0
DA:93,0
DA:94,0
DA:98,0
DA:99,0
DA:103,0
DA:104,0
DA:110,0
DA:111,0
DA:113,0
DA:114,0
DA:116,0
DA:118,0
DA:119,0
DA:120,0
DA:121,0
DA:123,0
DA:127,0
DA:128,0
DA:130,0
LF:57
LH:18
end_of_record
SF:lib/model/tic-tac-toe/global_room_tictactoe.dart
DA:28,2
DA:29,2
DA:30,2
DA:31,2
DA:32,2
DA:34,1
DA:35,1
DA:36,1
DA:39,1
DA:40,2
DA:41,1
DA:44,1
DA:45,2
DA:46,1
DA:49,1
DA:50,2
DA:51,1
DA:52,2
DA:53,1
DA:54,2
DA:57,1
DA:60,1
DA:61,2
DA:62,1
DA:65,1
DA:66,1
DA:67,1
DA:68,1
DA:69,1
DA:70,1
DA:71,1
DA:72,2
DA:78,2
DA:84,1
LF:34
LH:34
end_of_record
SF:lib/model/tic-tac-toe/player_tic_tac_toe.dart
DA:6,2
DA:13,0
DA:14,0
DA:15,0
DA:16,0
DA:17,0
DA:18,0
DA:22,0
DA:23,0
DA:26,2
DA:27,2
DA:28,2
DA:29,2
DA:30,4
DA:31,2
DA:35,1
DA:41,1
DA:42,0
DA:43,1
DA:44,1
DA:45,1
LF:21
LH:12
end_of_record
SF:lib/model/account.dart
DA:14,2
DA:15,2
DA:18,4
DA:19,4
DA:20,4
DA:21,4
DA:22,4
DA:23,4
DA:24,4
DA:25,4
DA:26,2
DA:34,0
DA:35,0
DA:38,0
DA:39,0
DA:42,0
DA:43,0
DA:46,0
DA:47,0
DA:50,0
DA:51,0
DA:64,0
DA:66,0
DA:67,0
DA:68,0
DA:69,0
DA:70,0
DA:71,0
DA:72,0
DA:73,0
LF:30
LH:11
end_of_record
SF:lib/model/global_account.dart
DA:7,0
DA:9,1
DA:10,2
DA:11,1
DA:14,0
DA:15,0
DA:18,0
DA:19,0
DA:22,0
DA:23,0
DA:26,0
DA:27,0
DA:30,0
DA:31,0
DA:34,0
DA:35,0
DA:38,3
DA:39,3
DA:40,3
DA:41,3
DA:42,3
DA:43,3
DA:44,3
DA:45,3
DA:46,0
DA:48,0
DA:49,0
LF:27
LH:11
end_of_record
SF:lib/model/battleship/boats.dart
DA:7,1
DA:27,1
DA:28,12
DA:35,0
DA:36,0
DA:37,0
DA:40,0
DA:42,0
DA:43,0
DA:46,0
DA:48,0
DA:49,0
DA:52,0
DA:54,0
DA:55,0
DA:58,0
DA:60,0
DA:61,0
DA:64,0
DA:66,0
DA:67,0
DA:70,0
DA:74,2
DA:75,4
DA:76,4
DA:77,4
DA:78,4
DA:79,4
DA:80,4
DA:83,1
DA:84,2
DA:85,2
DA:86,2
DA:87,2
DA:88,2
DA:89,2
DA:92,1
DA:93,1
DA:94,2
DA:95,6
DA:96,1
DA:97,1
DA:100,2
DA:101,6
DA:102,1
DA:103,1
DA:106,2
DA:107,6
DA:108,1
DA:109,1
DA:112,2
DA:113,6
DA:114,1
DA:115,1
DA:118,2
DA:119,6
DA:120,1
DA:121,1
DA:124,2
DA:125,6
DA:126,1
DA:127,1
LF:62
LH:43
end_of_record
SF:lib/reusable_widget/method/message_bar.dart
DA:3,0
DA:4,0
DA:5,0
DA:6,0
LF:4
LH:0
end_of_record
SF:lib/model/battleship/player_battleship.dart
DA:9,1
DA:16,2
DA:22,0
DA:23,0
DA:24,0
DA:25,0
DA:26,0
DA:31,0
DA:32,0
DA:35,1
DA:36,1
DA:37,1
DA:38,1
DA:40,1
DA:42,4
DA:46,1
DA:47,1
DA:48,1
DA:49,1
DA:51,1
DA:53,4
DA:57,1
DA:63,1
DA:64,0
DA:65,1
DA:66,1
DA:67,1
DA:71,0
DA:72,0
LF:29
LH:19
end_of_record
SF:lib/model/battleship/global_room_battleship.dart
DA:27,2
DA:28,2
DA:29,2
DA:30,2
DA:31,2
DA:33,1
DA:34,1
DA:35,1
DA:38,0
DA:39,0
DA:40,0
DA:41,0
DA:42,0
DA:43,0
DA:44,0
DA:47,0
DA:50,1
DA:51,2
DA:52,1
DA:55,1
DA:56,2
DA:57,1
DA:60,0
DA:61,0
DA:64,0
DA:65,0
DA:68,1
DA:69,2
DA:70,1
DA:72,1
DA:73,2
DA:74,1
DA:77,1
DA:78,1
DA:79,1
DA:80,1
DA:81,2
DA:85,1
DA:87,2
DA:91,1
DA:93,1
DA:96,0
DA:100,0
DA:101,0
DA:102,0
DA:103,0
DA:105,0
LF:47
LH:29
end_of_record
