SF:lib/connection/adding_info_in_api.dart
DA:10,1
DA:12,1
DA:13,2
DA:14,0
DA:17,2
DA:18,1
DA:19,2
DA:20,0
DA:22,2
DA:23,1
DA:24,2
DA:25,2
DA:26,2
DA:27,2
DA:28,2
DA:29,2
DA:30,2
DA:33,0
DA:38,0
DA:40,0
DA:41,0
DA:46,1
DA:48,1
DA:51,1
DA:59,0
DA:61,0
DA:65,0
DA:66,0
DA:70,0
DA:71,0
DA:73,0
DA:74,0
DA:79,0
DA:80,0
DA:84,0
DA:85,0
DA:87,0
DA:88,0
DA:93,0
DA:94,0
DA:98,0
DA:99,0
DA:103,0
DA:104,0
DA:110,0
DA:111,0
DA:113,0
DA:114,0
DA:116,0
DA:118,0
DA:119,0
DA:120,0
DA:121,0
DA:123,0
DA:127,0
DA:128,0
DA:130,0
LF:57
LH:18
end_of_record
